  Camera.cpp
  Frustum.cpp
  GameTimer.cpp
  HeightMap.cpp
  Keyboard.cpp
  Matrix4.cpp
  MD5Anim.cpp
  MD5FileData.cpp
  MD5Mesh.cpp
  MD5Node.cpp
  Mesh.cpp
E:\Misc\Diss 2020\nclgl\Mesh.cpp(84,20): warning C4018: '<': signed/unsigned mismatch
E:\Misc\Diss 2020\nclgl\Mesh.cpp(132,20): warning C4018: '<': signed/unsigned mismatch
E:\Misc\Diss 2020\nclgl\Mesh.cpp(239,20): warning C4018: '<': signed/unsigned mismatch
E:\Misc\Diss 2020\nclgl\Mesh.cpp(292,20): warning C4018: '<': signed/unsigned mismatch
E:\Misc\Diss 2020\nclgl\Mesh.cpp(328,20): warning C4018: '<': signed/unsigned mismatch
  Mouse.cpp
  OBJMesh.cpp
  OGLRenderer.cpp
  Plane.cpp
  Quaternion.cpp
  SceneNode.cpp
  Shader.cpp
  Window.cpp
  Generating Code...
  nclgl.vcxproj -> E:\Misc\Diss 2020\Graphics For Games\Debug\nclgl.lib
