e:\misc\diss 2020\code\nclgl\debug\nclgl.pdb
e:\misc\diss 2020\code\nclgl\debug\nclgl.idb
e:\misc\diss 2020\code\nclgl\debug\window.obj
e:\misc\diss 2020\code\nclgl\debug\shader.obj
e:\misc\diss 2020\code\nclgl\debug\scenenode.obj
e:\misc\diss 2020\code\nclgl\debug\quaternion.obj
e:\misc\diss 2020\code\nclgl\debug\plane.obj
e:\misc\diss 2020\code\nclgl\debug\oglrenderer.obj
e:\misc\diss 2020\code\nclgl\debug\objmesh.obj
e:\misc\diss 2020\code\nclgl\debug\mouse.obj
e:\misc\diss 2020\code\nclgl\debug\mesh.obj
e:\misc\diss 2020\code\nclgl\debug\md5node.obj
e:\misc\diss 2020\code\nclgl\debug\md5mesh.obj
e:\misc\diss 2020\code\nclgl\debug\md5filedata.obj
e:\misc\diss 2020\code\nclgl\debug\md5anim.obj
e:\misc\diss 2020\code\nclgl\debug\matrix4.obj
e:\misc\diss 2020\code\nclgl\debug\keyboard.obj
e:\misc\diss 2020\code\nclgl\debug\heightmap.obj
e:\misc\diss 2020\code\nclgl\debug\gametimer.obj
e:\misc\diss 2020\code\nclgl\debug\frustum.obj
e:\misc\diss 2020\code\nclgl\debug\camera.obj
e:\misc\diss 2020\code\graphics for games\debug\nclgl.lib
e:\misc\diss 2020\code\nclgl\debug\nclgl.tlog\cl.command.1.tlog
e:\misc\diss 2020\code\nclgl\debug\nclgl.tlog\cl.read.1.tlog
e:\misc\diss 2020\code\nclgl\debug\nclgl.tlog\cl.write.1.tlog
e:\misc\diss 2020\code\nclgl\debug\nclgl.tlog\lib-link.read.1.tlog
e:\misc\diss 2020\code\nclgl\debug\nclgl.tlog\lib-link.write.1.tlog
e:\misc\diss 2020\code\nclgl\debug\nclgl.tlog\lib.command.1.tlog
