  Main.cpp
  Renderer.cpp
E:\Misc\Diss 2020\Graphics For Games\Dissertation\Renderer.cpp(27,20): warning C4018: '<': signed/unsigned mismatch
E:\Misc\Diss 2020\Graphics For Games\Dissertation\Renderer.cpp(91,46): warning C4244: '=': conversion from 'double' to 'GLuint', possible loss of data
E:\Misc\Diss 2020\Graphics For Games\Dissertation\Renderer.cpp(94,40): warning C4244: '=': conversion from 'double' to 'GLuint', possible loss of data
E:\Misc\Diss 2020\Graphics For Games\Dissertation\Renderer.cpp(98,20): warning C4018: '<': signed/unsigned mismatch
  Generating Code...
  LINK : E:\Misc\Diss 2020\Graphics For Games\Debug\Dissertation.exe not found or not built by the last incremental link; performing full link
LINK : warning LNK4286: symbol '___glewActiveTexture' defined in 'glew32.lib(glew.obj)' is imported by 'Renderer.obj'
LINK : warning LNK4286: symbol '___glewBindBuffer' defined in 'glew32.lib(glew.obj)' is imported by 'Renderer.obj'
LINK : warning LNK4286: symbol '___glewBufferData' defined in 'glew32.lib(glew.obj)' is imported by 'Renderer.obj'
LINK : warning LNK4286: symbol '___glewDeleteBuffers' defined in 'glew32.lib(glew.obj)' is imported by 'Renderer.obj'
LINK : warning LNK4286: symbol '___glewGenBuffers' defined in 'glew32.lib(glew.obj)' is imported by 'Renderer.obj'
LINK : warning LNK4286: symbol '___glewMapBuffer' defined in 'glew32.lib(glew.obj)' is imported by 'Renderer.obj'
LINK : warning LNK4286: symbol '___glewUnmapBuffer' defined in 'glew32.lib(glew.obj)' is imported by 'Renderer.obj'
LINK : warning LNK4286: symbol '___glewGetUniformLocation' defined in 'glew32.lib(glew.obj)' is imported by 'Renderer.obj'
LINK : warning LNK4286: symbol '___glewUniform1f' defined in 'glew32.lib(glew.obj)' is imported by 'Renderer.obj'
LINK : warning LNK4286: symbol '___glewUniform1i' defined in 'glew32.lib(glew.obj)' is imported by 'Renderer.obj'
LINK : warning LNK4286: symbol '___glewUniform2f' defined in 'glew32.lib(glew.obj)' is imported by 'Renderer.obj'
LINK : warning LNK4286: symbol '___glewUniform3fv' defined in 'glew32.lib(glew.obj)' is imported by 'Renderer.obj'
LINK : warning LNK4286: symbol '___glewUseProgram' defined in 'glew32.lib(glew.obj)' is imported by 'Renderer.obj'
LINK : warning LNK4286: symbol '___glewClearBufferData' defined in 'glew32.lib(glew.obj)' is imported by 'Renderer.obj'
LINK : warning LNK4286: symbol '___glewDispatchComputeGroupSizeARB' defined in 'glew32.lib(glew.obj)' is imported by 'Renderer.obj'
LINK : warning LNK4286: symbol '___glewBindImageTexture' defined in 'glew32.lib(glew.obj)' is imported by 'Renderer.obj'
LINK : warning LNK4286: symbol '___glewMemoryBarrier' defined in 'glew32.lib(glew.obj)' is imported by 'Renderer.obj'
LINK : warning LNK4286: symbol '___glewBindBufferBase' defined in 'glew32.lib(glew.obj)' is imported by 'Renderer.obj'
LINK : warning LNK4286: symbol '___glewGetIntegeri_v' defined in 'glew32.lib(glew.obj)' is imported by 'Renderer.obj'
glew32.lib(glew.obj) : warning LNK4099: PDB 'vc120.pdb' was not found with 'glew32.lib(glew.obj)' or at 'E:\Misc\Diss 2020\Graphics For Games\Debug\vc120.pdb'; linking object as if no debug info
  Dissertation.vcxproj -> E:\Misc\Diss 2020\Graphics For Games\Debug\Dissertation.exe
